zbardemo/build/outputs/logs/manifest-merger-debug-report.txt
-- Merging decision tree log ---
manifest
ADDED from src/main/AndroidManifest.xml:2:1-30:12
	package
		ADDED from src/main/AndroidManifest.xml:3:5-48
	android:versionName
		INJECTED from src/main/AndroidManifest.xml
		INJECTED from src/main/AndroidManifest.xml
	xmlns:android
		ADDED from src/main/AndroidManifest.xml:2:11-69
	android:versionCode
		INJECTED from src/main/AndroidManifest.xml
		INJECTED from src/main/AndroidManifest.xml
uses-permission#android.permission.CAMERA
ADDED from src/main/AndroidManifest.xml:5:5-65
MERGED from [cn.bingoogolapple:bga-photopicker:1.2.3] AndroidManifest.xml:12:5-65
	android:name
		ADDED from src/main/AndroidManifest.xml:5:22-62
uses-permission#android.permission.VIBRATE
ADDED from src/main/AndroidManifest.xml:6:5-66
	android:name
		ADDED from src/main/AndroidManifest.xml:6:22-63
uses-permission#android.permission.FLASHLIGHT
ADDED from src/main/AndroidManifest.xml:7:5-69
	android:name
		ADDED from src/main/AndroidManifest.xml:7:22-66
application
ADDED from src/main/AndroidManifest.xml:9:5-28:19
MERGED from [pub.devrel:easypermissions:0.1.7] AndroidManifest.xml:12:5-20
MERGED from [com.android.support:appcompat-v7:25.1.0] AndroidManifest.xml:25:5-20
MERGED from [com.android.support:animated-vector-drawable:25.1.0] AndroidManifest.xml:22:5-20
MERGED from [com.android.support:support-vector-drawable:25.1.0] AndroidManifest.xml:23:5-20
MERGED from [cn.bingoogolapple:bga-photopicker:1.2.3] AndroidManifest.xml:14:5-39:19
MERGED from [com.android.support:support-v4:25.1.0] AndroidManifest.xml:25:5-20
MERGED from [com.android.support:support-fragment:25.1.0] AndroidManifest.xml:25:5-20
MERGED from [com.android.support:support-media-compat:25.1.0] AndroidManifest.xml:25:5-20
MERGED from [com.android.support:support-core-ui:25.1.0] AndroidManifest.xml:25:5-20
MERGED from [com.android.support:support-core-utils:25.1.0] AndroidManifest.xml:25:5-20
MERGED from [com.android.support:support-compat:25.1.0] AndroidManifest.xml:25:5-20
	android:label
		ADDED from src/main/AndroidManifest.xml:12:9-41
	android:allowBackup
		ADDED from src/main/AndroidManifest.xml:10:9-35
	android:icon
		ADDED from src/main/AndroidManifest.xml:11:9-43
	android:theme
		ADDED from src/main/AndroidManifest.xml:13:9-40
activity#cn.bingoogolapple.qrcode.zbardemo.MainActivity
ADDED from src/main/AndroidManifest.xml:14:9-23:20
	android:screenOrientation
		ADDED from src/main/AndroidManifest.xml:17:13-49
	android:label
		ADDED from src/main/AndroidManifest.xml:16:13-45
	android:name
		ADDED from src/main/AndroidManifest.xml:15:13-41
intent-filter#android.intent.action.MAIN+android.intent.category.LAUNCHER
ADDED from src/main/AndroidManifest.xml:18:13-22:29
action#android.intent.action.MAIN
ADDED from src/main/AndroidManifest.xml:19:17-69
	android:name
		ADDED from src/main/AndroidManifest.xml:19:25-66
category#android.intent.category.LAUNCHER
ADDED from src/main/AndroidManifest.xml:21:17-77
	android:name
		ADDED from src/main/AndroidManifest.xml:21:27-74
activity#cn.bingoogolapple.qrcode.zbardemo.TestScanActivity
ADDED from src/main/AndroidManifest.xml:25:9-27:52
	android:screenOrientation
		ADDED from src/main/AndroidManifest.xml:27:13-49
	android:name
		ADDED from src/main/AndroidManifest.xml:26:13-45
uses-sdk
INJECTED from src/main/AndroidManifest.xml reason: use-sdk injection requested
MERGED from [com.android.support:recyclerview-v7:25.1.0] AndroidManifest.xml:20:5-43
MERGED from [pub.devrel:easypermissions:0.1.7] AndroidManifest.xml:8:5-10:41
MERGED from [com.android.support:appcompat-v7:25.1.0] AndroidManifest.xml:21:5-23:78
MERGED from [com.android.support:animated-vector-drawable:25.1.0] AndroidManifest.xml:20:5-44
MERGED from [com.android.support:support-vector-drawable:25.1.0] AndroidManifest.xml:21:5-43
MERGED from [cn.bingoogolapple:bga-photopicker:1.2.3] AndroidManifest.xml:6:5-9:46
MERGED from [cn.bingoogolapple:bga-adapter:1.1.8] AndroidManifest.xml:6:5-8:41
MERGED from [cn.bingoogolapple:bga-qrcodecore:1.1.7] AndroidManifest.xml:6:5-8:41
MERGED from [cn.bingoogolapple:bga-zbar:1.1.7] AndroidManifest.xml:6:5-8:41
MERGED from [com.android.databinding:adapters:1.3.1] AndroidManifest.xml:22:5-24:41
MERGED from [com.android.databinding:library:1.3.1] AndroidManifest.xml:22:5-24:41
MERGED from [com.android.support:support-v4:25.1.0] AndroidManifest.xml:21:5-23:54
MERGED from [com.android.support:support-fragment:25.1.0] AndroidManifest.xml:21:5-23:60
MERGED from [com.android.support:support-media-compat:25.1.0] AndroidManifest.xml:21:5-23:63
MERGED from [com.android.support:support-core-ui:25.1.0] AndroidManifest.xml:21:5-23:58
MERGED from [com.android.support:support-core-utils:25.1.0] AndroidManifest.xml:21:5-23:61
MERGED from [com.android.support:support-compat:25.1.0] AndroidManifest.xml:21:5-23:58
	tools:overrideLibrary
		ADDED from [com.android.support:appcompat-v7:25.1.0] AndroidManifest.xml:23:9-75
	android:targetSdkVersion
		INJECTED from src/main/AndroidManifest.xml
		INJECTED from src/main/AndroidManifest.xml
	android:minSdkVersion
		INJECTED from src/main/AndroidManifest.xml
		INJECTED from src/main/AndroidManifest.xml
uses-permission#android.permission.WRITE_EXTERNAL_STORAGE
ADDED from [cn.bingoogolapple:bga-photopicker:1.2.3] AndroidManifest.xml:11:5-81
	android:name
		ADDED from [cn.bingoogolapple:bga-photopicker:1.2.3] AndroidManifest.xml:11:22-78
activity#cn.bingoogolapple.photopicker.activity.BGAPhotoPreviewActivity
ADDED from [cn.bingoogolapple:bga-photopicker:1.2.3] AndroidManifest.xml:17:9-22:63
	android:screenOrientation
		ADDED from [cn.bingoogolapple:bga-photopicker:1.2.3] AndroidManifest.xml:20:13-49
	android:windowSoftInputMode
		ADDED from [cn.bingoogolapple:bga-photopicker:1.2.3] AndroidManifest.xml:22:13-60
	android:configChanges
		ADDED from [cn.bingoogolapple:bga-photopicker:1.2.3] AndroidManifest.xml:19:13-63
	android:theme
		ADDED from [cn.bingoogolapple:bga-photopicker:1.2.3] AndroidManifest.xml:21:13-46
	android:name
		ADDED from [cn.bingoogolapple:bga-photopicker:1.2.3] AndroidManifest.xml:18:13-90
activity#cn.bingoogolapple.photopicker.activity.BGAPhotoPickerActivity
ADDED from [cn.bingoogolapple:bga-photopicker:1.2.3] AndroidManifest.xml:25:9-30:63
	android:screenOrientation
		ADDED from [cn.bingoogolapple:bga-photopicker:1.2.3] AndroidManifest.xml:28:13-49
	android:windowSoftInputMode
		ADDED from [cn.bingoogolapple:bga-photopicker:1.2.3] AndroidManifest.xml:30:13-60
	android:configChanges
		ADDED from [cn.bingoogolapple:bga-photopicker:1.2.3] AndroidManifest.xml:27:13-63
	android:theme
		ADDED from [cn.bingoogolapple:bga-photopicker:1.2.3] AndroidManifest.xml:29:13-46
	android:name
		ADDED from [cn.bingoogolapple:bga-photopicker:1.2.3] AndroidManifest.xml:26:13-89
activity#cn.bingoogolapple.photopicker.activity.BGAPhotoPickerPreviewActivity
ADDED from [cn.bingoogolapple:bga-photopicker:1.2.3] AndroidManifest.xml:33:9-38:63
	android:screenOrientation
		ADDED from [cn.bingoogolapple:bga-photopicker:1.2.3] AndroidManifest.xml:36:13-49
	android:windowSoftInputMode
		ADDED from [cn.bingoogolapple:bga-photopicker:1.2.3] AndroidManifest.xml:38:13-60
	android:configChanges
		ADDED from [cn.bingoogolapple:bga-photopicker:1.2.3] AndroidManifest.xml:35:13-63
	android:theme
		ADDED from [cn.bingoogolapple:bga-photopicker:1.2.3] AndroidManifest.xml:37:13-46
	android:name
		ADDED from [cn.bingoogolapple:bga-photopicker:1.2.3] AndroidManifest.xml:34:13-96